::ffff:127.0.0.1 - - [10/Apr/2024:17:18:16 +0000] "POST /researchers/login HTTP/1.1" 201 255
::1 - - [10/Apr/2024:17:18:42 +0000] "OPTIONS /researchers/login HTTP/1.1" 200 2
::1 - - [10/Apr/2024:17:18:46 +0000] "OPTIONS /researchers/login HTTP/1.1" 200 2
::1 - - [10/Apr/2024:17:23:31 +0000] "OPTIONS /researchers/login HTTP/1.1" 200 2
::1 - - [10/Apr/2024:17:24:22 +0000] "GET /researchers/getExperimentByAuthor/zmatevushev0%40yahoo.com HTTP/1.1" 404 29
::1 - - [10/Apr/2024:17:24:23 +0000] "GET /researchers/getExperimentByAuthor/zmatevushev0%40yahoo.com HTTP/1.1" 404 29
::1 - - [10/Apr/2024:17:24:49 +0000] "OPTIONS /researchers/getExperimentByAuthor/zmatevushev0%40yahoo.com HTTP/1.1" 200 2
::1 - - [10/Apr/2024:17:26:58 +0000] "OPTIONS /researchers/getExperimentByAuthor/65db482a000f605987980eb9 HTTP/1.1" 200 2
::ffff:127.0.0.1 - - [10/Apr/2024:17:28:07 +0000] "POST /researchers/getExperimentByAuthor/65db482a000f605987980eb9 HTTP/1.1" 404 29
::ffff:127.0.0.1 - - [10/Apr/2024:17:28:12 +0000] "GET /researchers/getExperimentByAuthor/65db482a000f605987980eb9 HTTP/1.1" 404 29
::ffff:127.0.0.1 - - [10/Apr/2024:17:33:43 +0000] "POST /researchers/login HTTP/1.1" 201 253
::ffff:127.0.0.1 - - [10/Apr/2024:17:34:16 +0000] "GET /researchers/getExperimentByAuthor/65db482a000f605987980ebc HTTP/1.1" 404 29
::ffff:127.0.0.1 - - [10/Apr/2024:17:34:32 +0000] "GET /researchers/getExperimentByAuthor/65db482a000f605987980ebc HTTP/1.1" 404 29
::ffff:127.0.0.1 - - [10/Apr/2024:17:35:45 +0000] "GET /researchers/getExperimentByAuthor HTTP/1.1" 404 29
::ffff:127.0.0.1 - - [10/Apr/2024:17:35:46 +0000] "GET /researchers/getExperimentByAuthor HTTP/1.1" 404 29
::ffff:127.0.0.1 - - [10/Apr/2024:17:35:47 +0000] "GET /researchers/getExperimentByAuthor HTTP/1.1" 404 29
::ffff:127.0.0.1 - - [10/Apr/2024:17:35:47 +0000] "GET /researchers/getExperimentByAuthor HTTP/1.1" 404 29
::ffff:127.0.0.1 - - [10/Apr/2024:17:35:47 +0000] "GET /researchers/getExperimentByAuthor HTTP/1.1" 404 29
::ffff:127.0.0.1 - - [10/Apr/2024:17:36:09 +0000] "GET /researchers/getExperimentByAuthor HTTP/1.1" 404 29
::ffff:127.0.0.1 - - [10/Apr/2024:17:36:11 +0000] "GET /researchers/getExperimentByAuthor HTTP/1.1" 404 29
::ffff:127.0.0.1 - - [10/Apr/2024:17:36:17 +0000] "POST /researchers/login HTTP/1.1" 201 253
::ffff:127.0.0.1 - - [10/Apr/2024:17:36:52 +0000] "GET /researchers/getExperimentByAuthor HTTP/1.1" 200 632
::ffff:127.0.0.1 - - [10/Apr/2024:17:47:43 +0000] "GET /researchers/getExperimentByAuthor HTTP/1.1" 200 632
::ffff:127.0.0.1 - - [10/Apr/2024:17:48:29 +0000] "GET /researchers/getExperimentByAuthor HTTP/1.1" 200 632
::ffff:127.0.0.1 - - [10/Apr/2024:18:22:41 +0000] "GET /researchers/getExperimentByAuthor HTTP/1.1" 200 632
::ffff:127.0.0.1 - - [10/Apr/2024:18:24:14 +0000] "GET /researchers/getExperimentByAuthor HTTP/1.1" 200 632
::ffff:127.0.0.1 - - [10/Apr/2024:18:24:21 +0000] "POST / HTTP/1.1" 404 29
::ffff:127.0.0.1 - - [10/Apr/2024:18:24:30 +0000] "POST /researchers/login HTTP/1.1" 201 255
::ffff:127.0.0.1 - - [10/Apr/2024:18:24:36 +0000] "POST /researchers/login HTTP/1.1" 201 253
::ffff:127.0.0.1 - - [10/Apr/2024:18:24:40 +0000] "POST /researchers/login HTTP/1.1" 403 34
::ffff:127.0.0.1 - - [10/Apr/2024:18:33:54 +0000] "POST /researchers/login HTTP/1.1" 201 255
::ffff:127.0.0.1 - - [10/Apr/2024:18:37:47 +0000] "POST /researchers/login HTTP/1.1" 201 255
::ffff:127.0.0.1 - - [10/Apr/2024:18:37:52 +0000] "POST /researchers/login HTTP/1.1" 401 33
::ffff:127.0.0.1 - - [10/Apr/2024:18:41:23 +0000] "POST /researchers/login HTTP/1.1" 401 33
::ffff:127.0.0.1 - - [10/Apr/2024:18:42:10 +0000] "POST /researchers/login HTTP/1.1" 401 33
::ffff:127.0.0.1 - - [10/Apr/2024:18:42:33 +0000] "POST /researchers/login HTTP/1.1" 401 33
::ffff:127.0.0.1 - - [10/Apr/2024:18:43:28 +0000] "POST /researchers/login HTTP/1.1" 401 33
::ffff:127.0.0.1 - - [10/Apr/2024:18:45:00 +0000] "POST /researchers/login HTTP/1.1" 403 34
::ffff:127.0.0.1 - - [10/Apr/2024:18:45:43 +0000] "POST /researchers/login HTTP/1.1" 403 34
::ffff:127.0.0.1 - - [10/Apr/2024:18:48:23 +0000] POST /researchers/login 403 34 - 91.610 ms'
::ffff:127.0.0.1 - - [2024-04-10T18:49:03.025Z] POST /researchers/login 403 34
::ffff:127.0.0.1 - [2024-04-10T18:49:35.817Z] POST /researchers/login 403 34
2024-04-10T18:50:28.273Z ::ffff:127.0.0.1 POST /researchers/login 403
2024-04-11T15:43:47.747Z ::1 OPTIONS /researchers/login 200
2024-04-11T15:44:30.807Z ::1 OPTIONS /researchers/login 200
2024-04-11T15:45:59.575Z ::1 OPTIONS /researchers/login 200
2024-04-11T15:46:07.241Z ::1 OPTIONS /researchers/login 200
2024-04-11T15:47:28.040Z ::1 OPTIONS /researchers/login 200
2024-04-11T15:48:12.661Z ::1 OPTIONS /researchers/login 200
2024-04-11T15:48:15.598Z ::1 OPTIONS /researchers/login 200
2024-04-11T15:48:38.241Z ::1 OPTIONS /researchers/login 200
2024-04-11T15:49:00.821Z ::1 OPTIONS /researchers/login 200
2024-04-11T15:49:11.942Z ::1 OPTIONS /researchers/login 200
2024-04-11T15:49:15.897Z ::1 OPTIONS /researchers/login 200
2024-04-11T15:49:18.894Z ::1 OPTIONS /researchers/login 200
2024-04-11T15:51:49.932Z ::1 OPTIONS /researchers/login 204
2024-04-11T15:51:50.088Z ::1 POST /researchers/login 403
2024-04-11T15:51:57.980Z ::1 OPTIONS /researchers/login 204
2024-04-11T15:51:57.998Z ::1 POST /researchers/login 403
2024-04-11T15:52:46.475Z ::1 OPTIONS /researchers/login 204
2024-04-11T15:52:46.493Z ::1 POST /researchers/login 403
2024-04-11T15:53:38.955Z ::1 OPTIONS /researchers/login 204
2024-04-11T15:53:38.973Z ::1 POST /researchers/login 403
2024-04-11T15:54:42.108Z ::1 OPTIONS /researchers/login 204
2024-04-11T15:54:42.126Z ::1 POST /researchers/login 403
2024-04-11T15:54:58.657Z ::1 OPTIONS /researchers/login 204
2024-04-11T15:54:58.677Z ::1 POST /researchers/login 403
2024-04-11T15:55:29.346Z ::1 OPTIONS /researchers/login 204
2024-04-11T15:55:29.365Z ::1 POST /researchers/login 403
2024-04-11T15:55:30.563Z ::1 POST /researchers/login 403
2024-04-11T15:56:04.087Z ::1 OPTIONS /researchers/login 204
2024-04-11T15:56:04.104Z ::1 POST /researchers/login 403
2024-04-11T15:56:44.890Z ::1 OPTIONS /researchers/login 204
2024-04-11T15:56:44.909Z ::1 POST /researchers/login 403
2024-04-11T15:57:17.982Z ::1 OPTIONS /researchers/login 204
2024-04-11T15:57:18.000Z ::1 POST /researchers/login 403
2024-04-11T15:57:19.029Z ::1 POST /researchers/login 403
2024-04-11T15:57:19.546Z ::1 POST /researchers/login 403
2024-04-11T15:57:19.955Z ::1 POST /researchers/login 403
2024-04-11T15:57:20.283Z ::1 POST /researchers/login 403
2024-04-11T15:57:20.689Z ::1 POST /researchers/login 403
2024-04-11T15:57:21.089Z ::1 POST /researchers/login 403
2024-04-11T15:57:36.307Z ::1 OPTIONS /researchers/login 204
2024-04-11T15:57:36.325Z ::1 POST /researchers/login 403
2024-04-11T15:59:34.683Z ::1 OPTIONS /researchers/login 204
2024-04-11T15:59:34.700Z ::1 POST /researchers/login 403
2024-04-11T16:04:42.786Z ::1 OPTIONS /researchers/login 204
2024-04-11T16:04:42.869Z ::1 POST /researchers/login 201
2024-04-11T16:05:00.972Z ::1 OPTIONS /researchers/login 204
2024-04-11T16:05:01.039Z ::1 POST /researchers/login 201
2024-04-11T16:05:41.426Z ::1 OPTIONS /researchers/login 200
2024-04-11T16:06:06.998Z ::ffff:127.0.0.1 OPTIONS /researchers/login 200
2024-04-11T16:06:13.353Z ::ffff:127.0.0.1 OPTIONS /researchers/login 200
2024-04-11T16:06:44.527Z ::1 OPTIONS /researchers/login 200
2024-04-11T16:06:44.547Z ::1 POST /researchers/login 403
2024-04-11T16:06:58.455Z ::1 OPTIONS /researchers/login 200
2024-04-11T16:07:12.981Z ::1 OPTIONS /researchers/login 200
2024-04-11T16:07:25.302Z ::1 OPTIONS /researchers/login 200
2024-04-11T16:07:25.398Z ::1 POST /researchers/login 201
2024-04-11T16:08:00.761Z ::1 OPTIONS /researchers/login 200
2024-04-11T16:08:00.854Z ::1 POST /researchers/login 201
2024-04-11T16:08:08.472Z ::ffff:127.0.0.1 OPTIONS /researchers/login 200
2024-04-11T16:08:08.497Z ::ffff:127.0.0.1 POST /researchers/login 403
2024-04-11T16:10:50.123Z ::1 OPTIONS /researchers/login 204
2024-04-11T16:10:50.220Z ::1 POST /researchers/login 201
2024-04-11T16:11:05.342Z ::1 OPTIONS /researchers/login 204
2024-04-11T16:11:05.443Z ::1 POST /researchers/login 201
2024-04-11T16:11:21.111Z ::1 OPTIONS /researchers/login 204
2024-04-11T16:11:21.182Z ::1 POST /researchers/login 201
2024-04-11T16:11:40.421Z ::1 OPTIONS /researchers/login 200
2024-04-11T16:11:40.446Z ::1 POST /researchers/login 403
2024-04-11T16:11:50.850Z ::1 OPTIONS /researchers/login 200
2024-04-11T16:11:50.929Z ::ffff:127.0.0.1 POST /researchers/login 201
2024-04-11T16:11:52.003Z ::ffff:127.0.0.1 POST /researchers/login 201
2024-04-11T16:11:52.871Z ::ffff:127.0.0.1 POST /researchers/login 201
2024-04-11T16:15:58.921Z ::1 OPTIONS /researchers/login 200
2024-04-11T16:15:59.017Z ::1 POST /researchers/login 201
2024-04-11T16:16:15.888Z ::1 OPTIONS /researchers/login 200
2024-04-11T16:16:15.968Z ::1 POST /researchers/login 201
2024-04-11T16:16:37.002Z ::1 OPTIONS /researchers/login 200
2024-04-11T16:16:37.023Z ::1 POST /researchers/login 403
2024-04-11T16:16:39.640Z ::1 POST /researchers/login 200
2024-04-11T16:17:38.899Z ::1 OPTIONS /researchers/login 200
2024-04-11T16:17:38.966Z ::1 POST /researchers/login 200
2024-04-11T16:18:09.352Z ::1 OPTIONS /researchers/login 200
2024-04-11T16:18:09.418Z ::1 POST /researchers/login 200
2024-04-11T16:18:11.378Z ::1 POST /researchers/login 200
2024-04-11T16:18:12.163Z ::1 POST /researchers/login 200
2024-04-11T16:18:12.830Z ::1 POST /researchers/login 200
2024-04-11T16:18:13.410Z ::1 POST /researchers/login 200
2024-04-11T16:18:13.809Z ::1 POST /researchers/login 200
2024-04-11T16:18:14.003Z ::1 POST /researchers/login 200
2024-04-11T16:18:14.157Z ::1 POST /researchers/login 200
2024-04-11T16:18:14.379Z ::1 OPTIONS /researchers/login 200
2024-04-11T16:18:14.457Z ::1 POST /researchers/login 200
2024-04-11T16:18:14.573Z ::1 POST /researchers/login 200
2024-04-11T16:18:14.707Z ::1 POST /researchers/login 200
2024-04-11T16:18:14.984Z ::1 POST /researchers/login 200
2024-04-11T16:18:15.120Z ::1 POST /researchers/login 200
2024-04-11T16:18:15.266Z ::1 POST /researchers/login 200
2024-04-11T16:18:15.413Z ::1 POST /researchers/login 200
2024-04-11T16:18:15.559Z ::1 POST /researchers/login 200
2024-04-11T16:18:38.186Z ::1 OPTIONS /researchers/login 200
2024-04-11T16:18:38.253Z ::1 POST /researchers/login 200
2024-04-11T16:18:40.764Z ::1 POST /researchers/login 200
2024-04-11T16:18:40.930Z ::1 POST /researchers/login 200
2024-04-11T16:18:41.060Z ::1 POST /researchers/login 200
2024-04-11T16:18:41.192Z ::1 POST /researchers/login 200
2024-04-11T16:18:41.308Z ::1 POST /researchers/login 200
2024-04-11T16:18:41.437Z ::1 POST /researchers/login 200
2024-04-11T16:18:41.567Z ::1 POST /researchers/login 200
2024-04-11T16:18:42.195Z ::1 POST /researchers/login 200
2024-04-11T16:18:42.310Z ::1 POST /researchers/login 200
2024-04-11T16:18:42.540Z ::1 POST /researchers/login 200
2024-04-11T16:18:42.669Z ::1 POST /researchers/login 200
2024-04-11T16:18:42.899Z ::1 POST /researchers/login 200
2024-04-11T16:18:43.114Z ::1 POST /researchers/login 200
2024-04-11T16:18:43.210Z ::1 POST /researchers/login 200
2024-04-11T16:18:48.781Z ::1 OPTIONS /researchers/login 200
2024-04-11T16:18:48.853Z ::1 POST /researchers/login 200
2024-04-11T16:18:49.050Z ::1 POST /researchers/login 200
2024-04-11T16:18:49.184Z ::1 POST /researchers/login 200
2024-04-11T16:20:32.024Z ::1 OPTIONS /researchers/login 200
2024-04-11T16:20:32.101Z ::1 POST /researchers/login 200
2024-04-11T16:24:16.867Z ::1 OPTIONS /researchers/login 200
2024-04-11T16:24:16.933Z ::1 POST /researchers/login 200
2024-04-11T16:35:08.318Z ::1 GET /researchers/getExperimentByAuthor 401
2024-04-11T16:35:53.932Z ::ffff:127.0.0.1 GET /researchers/getExperimentByAuthor 401
2024-04-11T16:36:05.851Z ::1 GET /researchers/getExperimentByAuthor 401
2024-04-11T16:36:26.718Z ::1 GET /researchers/getExperimentByAuthor 401
2024-04-11T16:36:50.261Z ::1 GET /researchers/getExperimentByAuthor 401
2024-04-11T16:36:53.516Z ::1 OPTIONS /researchers/login 200
2024-04-11T16:36:53.675Z ::1 POST /researchers/login 200
2024-04-11T16:36:53.696Z ::1 GET /researchers/getExperimentByAuthor 401
2024-04-11T16:37:13.823Z ::1 GET /researchers/getExperimentByAuthor 401
2024-04-11T16:37:43.733Z ::1 GET /researchers/getExperimentByAuthor 401
2024-04-11T16:38:03.664Z ::1 GET /researchers/getExperimentByAuthor 401
2024-04-11T16:38:31.619Z ::1 GET /researchers/getExperimentByAuthor 401
2024-04-11T16:38:35.009Z ::1 GET /researchers/getExperimentByAuthor 401
2024-04-11T16:38:45.045Z ::1 GET /researchers/getExperimentByAuthor 401
2024-04-11T16:38:55.063Z ::1 GET /researchers/getExperimentByAuthor 401
2024-04-11T16:39:06.132Z ::1 GET /researchers/getExperimentByAuthor 401
2024-04-11T16:39:15.069Z ::1 GET /researchers/getExperimentByAuthor 401
2024-04-11T16:39:16.140Z ::1 GET /researchers/getExperimentByAuthor 401
2024-04-11T16:39:31.156Z ::1 GET /researchers/getExperimentByAuthor 401
2024-04-11T16:40:06.173Z ::1 GET /researchers/getExperimentByAuthor 401
2024-04-11T16:40:27.197Z ::1 GET /researchers/getExperimentByAuthor 401
2024-04-11T16:40:32.217Z ::1 GET /researchers/getExperimentByAuthor 401
2024-04-11T16:40:37.039Z ::1 GET /researchers/getExperimentByAuthor 401
2024-04-11T16:40:42.057Z ::1 GET /researchers/getExperimentByAuthor 401
2024-04-11T16:40:49.829Z ::1 GET /researchers/getExperimentByAuthor 401
2024-04-11T16:40:50.080Z ::1 GET /researchers/getExperimentByAuthor 401
2024-04-11T16:40:52.233Z ::1 GET /researchers/getExperimentByAuthor 401
2024-04-11T16:40:57.079Z ::1 GET /researchers/getExperimentByAuthor 401
2024-04-11T16:40:59.847Z ::1 GET /researchers/getExperimentByAuthor 401
2024-04-11T16:41:07.936Z ::1 OPTIONS /researchers/login 200
2024-04-11T16:41:08.039Z ::1 POST /researchers/login 200
2024-04-11T16:41:08.064Z ::1 GET /researchers/getExperimentByAuthor 401
2024-04-11T16:41:18.085Z ::1 GET /researchers/getExperimentByAuthor 401
2024-04-11T16:41:43.110Z ::1 GET /researchers/getExperimentByAuthor 401
2024-04-11T16:42:33.391Z ::1 GET /researchers/getExperimentByAuthor 401
2024-04-11T16:42:51.899Z ::1 GET /researchers/getExperimentByAuthor 500
2024-04-11T16:42:56.915Z ::1 GET /researchers/getExperimentByAuthor 500
2024-04-11T16:43:13.170Z ::1 GET /researchers/getExperimentByAuthor 401
2024-04-11T16:43:13.498Z ::1 GET /researchers/getExperimentByAuthor 401
2024-04-11T16:43:18.514Z ::ffff:127.0.0.1 GET /researchers/getExperimentByAuthor 401
2024-04-11T16:43:35.100Z ::1 GET /researchers/getExperimentByAuthor 401
2024-04-11T16:44:15.401Z ::1 GET /researchers/getExperimentByAuthor 401
2024-04-11T16:50:43.826Z ::1 GET /researchers/getExperimentByAuthor 401
2024-04-11T16:50:48.838Z ::1 GET /researchers/getExperimentByAuthor 401
2024-04-11T16:51:09.387Z ::1 GET /researchers/getExperimentByAuthor 401
2024-04-11T16:51:53.257Z ::1 GET /researchers/getExperimentByAuthor 401
2024-04-11T16:51:58.264Z ::1 GET /researchers/getExperimentByAuthor 401
2024-04-11T16:52:13.274Z ::1 GET /researchers/getExperimentByAuthor 401
2024-04-11T16:52:34.179Z ::1 GET /researchers/getExperimentByAuthor -
2024-04-11T16:52:34.950Z ::1 GET /researchers/getExperimentByAuthor 200
2024-04-11T16:52:44.986Z ::1 GET /researchers/getExperimentByAuthor 200
2024-04-11T16:53:10.017Z ::1 GET /researchers/getExperimentByAuthor 200
2024-04-11T16:54:00.043Z ::1 GET /researchers/getExperimentByAuthor 200
2024-04-11T16:54:12.948Z ::1 GET /researchers/getExperimentByAuthor 200
2024-04-11T16:54:17.969Z ::1 GET /researchers/getExperimentByAuthor 200
2024-04-11T16:54:33.402Z ::1 GET /researchers/getExperimentByAuthor 200
2024-04-11T16:55:15.424Z ::1 GET /researchers/getExperimentByAuthor 200
2024-04-11T16:55:25.458Z ::1 GET /researchers/getExperimentByAuthor 200
2024-04-11T16:55:35.081Z ::1 GET /researchers/getExperimentByAuthor 200
2024-04-11T16:55:45.502Z ::1 GET /researchers/getExperimentByAuthor 200
2024-04-11T16:56:34.039Z ::1 GET /researchers/getExperimentByAuthor 200
2024-04-11T16:56:35.529Z ::1 GET /researchers/getExperimentByAuthor 200
2024-04-11T16:56:44.064Z ::1 GET /researchers/getExperimentByAuthor 200
2024-04-11T16:57:08.719Z ::1 GET /researchers/getExperimentByAuthor 200
2024-04-11T16:57:09.088Z ::1 GET /researchers/getExperimentByAuthor 200
2024-04-11T16:57:12.036Z ::1 GET /researchers/getExperimentByAuthor 200
2024-04-11T16:57:22.067Z ::ffff:127.0.0.1 GET /researchers/getExperimentByAuthor 200
2024-04-11T16:57:37.089Z ::1 GET /researchers/getExperimentByAuthor 200
2024-04-11T16:57:39.888Z ::1 GET /researchers/getExperimentByAuthor 200
2024-04-11T16:57:49.921Z ::1 GET /researchers/getExperimentByAuthor 200
2024-04-11T16:58:14.959Z ::1 GET /researchers/getExperimentByAuthor 200
2024-04-11T16:58:17.144Z ::1 GET /researchers/getExperimentByAuthor 304
2024-04-11T16:58:32.890Z ::1 GET /researchers/getExperimentByAuthor 304
2024-04-11T16:58:42.540Z ::1 GET /researchers/getExperimentByAuthor 304
2024-04-11T16:58:47.568Z ::1 GET /researchers/getExperimentByAuthor 304
2024-04-11T16:59:12.599Z ::1 GET /researchers/getExperimentByAuthor 304
2024-04-11T16:59:25.466Z ::1 GET /researchers/getExperimentByAuthor 304
2024-04-11T17:02:11.742Z ::1 GET /researchers/getExperimentByAuthor 304
2024-04-11T17:02:14.978Z ::1 GET /researchers/getExperimentByAuthor 304
2024-04-11T17:02:18.413Z ::1 GET //researchers/getExperimentById?id=65db4880946e6fd5727cf747 404
2024-04-11T17:02:23.285Z ::1 GET /researchers/getExperimentByAuthor 304
2024-04-11T17:03:27.276Z ::1 GET /researchers/getExperimentByAuthor 304
2024-04-11T17:03:44.736Z ::1 GET /researchers/getExperimentByAuthoro 404
2024-04-11T17:04:55.377Z ::1 GET /researchers/getExperimentByAuthor 304
2024-04-11T17:05:05.300Z ::1 GET /researchers/getExperimentByAuthor- 404
2024-04-11T17:09:41.563Z ::1 GET /researchers/getExperimentByAuthor- 404
2024-04-11T17:10:14.508Z ::1 GET /researchers/getExperimentByAuthor- 404
2024-04-11T17:10:21.897Z ::1 GET /researchers/getExperimentByAuthor- 404
2024-04-11T17:10:43.324Z ::1 GET /researchers/getExperimentByAuthor 304
2024-04-11T17:11:04.142Z ::1 GET /researchers/getExperimentByAuthor 304
2024-04-11T17:11:09.648Z ::1 GET /researchers/getExperimentByAuthor 304
2024-04-11T17:11:56.900Z ::1 GET /researchers/getExperimentByAuthor 304
2024-04-11T17:12:01.354Z ::1 GET /researchers/getExperimentByAuthor 304
2024-04-11T17:12:03.573Z ::1 GET /researchers/getExperimentByAuthor 304
2024-04-11T17:13:20.016Z ::1 GET /researchers/getExperimentByAuthor 200
2024-04-11T17:14:04.366Z ::1 GET /researchers/getExperimentByAuthor 304
2024-04-11T17:19:09.347Z ::1 GET /researchers/getExperimentByAuthor 304
2024-04-11T17:19:12.533Z ::1 GET //researchers/getExperimentById?id=65db4880946e6fd5727cf747 404
2024-04-11T17:20:04.672Z ::1 GET /researchers/getExperimentByAuthor 304
2024-04-11T17:20:07.588Z ::1 GET //researchers/getExperimentById?id=65db4880946e6fd5727cf747 404
2024-04-21T19:18:26.883Z ::1 GET /researchers/getExperimentByAuthor 401
2024-04-21T19:18:33.734Z ::1 GET /researchers/getExperimentByAuthor 401
2024-04-21T19:21:21.248Z ::1 GET /researchers/getExperimentByAuthor 401
2024-04-21T19:28:03.371Z ::1 GET /researchers/getExperimentByAuthor 401
2024-04-21T19:47:23.225Z ::1 GET /researchers/getExperimentByAuthor 401
2024-04-21T19:47:36.272Z ::1 GET /researchers/getExperimentByAuthor 401
2024-04-21T19:47:39.258Z ::1 GET /researchers/getExperimentByAuthor 401
2024-04-21T19:48:05.407Z ::1 GET /researchers/getExperimentByAuthor 401
2024-04-21T19:48:35.277Z ::1 GET /researchers/getExperimentByAuthor 401
2024-04-21T19:48:59.210Z ::1 GET /researchers/getExperimentByAuthor 401
2024-04-21T19:54:12.230Z ::1 GET /researchers/getExperimentByAuthor 401
2024-04-21T20:02:04.825Z ::1 GET /researchers/getExperimentByAuthor 401
2024-04-21T20:02:07.963Z ::1 GET /researchers/getExperimentByAuthor 401
2024-04-21T20:06:39.972Z ::1 GET /researchers/getExperimentByAuthor 401
2024-04-21T20:09:41.345Z ::1 GET /researchers/getExperimentByAuthor 401
2024-04-21T20:09:44.044Z ::1 GET /researchers/getExperimentByAuthor 401
2024-04-21T20:10:05.117Z ::1 GET /researchers/getExperimentByAuthor 401
2024-04-21T20:12:38.146Z ::1 OPTIONS /researchers/login 200
2024-04-21T20:12:38.338Z ::1 POST /researchers/login 200
2024-04-21T20:15:11.294Z ::1 GET /researchers/getExperimentByAuthor 304
2024-04-21T20:19:20.271Z ::1 OPTIONS /researchers/login 200
2024-04-21T20:19:20.328Z ::1 POST /researchers/login 200
2024-04-21T20:19:21.362Z ::1 GET /researchers/getExperimentByAuthor 304
2024-04-21T20:19:24.519Z ::1 GET /researchers/getExperimentByAuthor 304
2024-04-21T20:19:30.020Z ::1 GET /researchers/getExperimentByAuthor 304
2024-04-21T20:19:33.439Z ::1 GET /researchers/getExperimentById?id=6624c0a165693e5eee0d8b04 304
2024-04-21T20:19:50.004Z ::1 GET /researchers/getExperimentById?id=6624c0a165693e5eee0d8b04 304
2024-04-21T20:20:06.423Z ::1 OPTIONS /researchers/login 200
2024-04-21T20:20:06.481Z ::1 POST /researchers/login 200
2024-04-21T20:20:06.811Z ::1 GET /researchers/getExperimentByAuthor 304
2024-04-21T20:20:08.722Z ::1 GET /researchers/getExperimentById?id=6624c0a165693e5eee0d8b08 304
2024-04-21T20:22:05.113Z ::1 GET /researchers/getExperimentById?id=6624c0a165693e5eee0d8b08 304
2024-04-21T20:22:12.986Z ::1 OPTIONS /researchers/changeExperimentStatus 200
2024-04-21T20:22:13.003Z ::1 PUT /researchers/changeExperimentStatus -
2024-04-21T20:22:13.728Z ::1 GET /researchers/getExperimentById?id=6624c0a165693e5eee0d8b08 200
2024-04-21T20:22:16.025Z ::1 GET /researchers/getExperimentByAuthor 200
2024-04-21T20:26:49.242Z ::1 GET /researchers/getExperimentByAuthor 304
2024-04-21T20:31:36.159Z ::1 GET /researchers/getExperimentByAuthor 304
2024-04-21T20:33:00.310Z ::1 OPTIONS /researchers/login 200
2024-04-21T20:33:00.371Z ::1 POST /researchers/login 200
2024-04-21T20:33:00.712Z ::1 GET /researchers/getExperimentByAuthor 304
2024-04-21T20:35:08.388Z ::1 GET /researchers/getExperimentByAuthor 304
2024-04-21T20:35:29.630Z ::1 GET /researchers/getExperimentByAuthor 304
2024-04-21T20:36:04.396Z ::1 GET /researchers/getExperimentByAuthor 304
2024-04-21T20:36:16.639Z ::1 GET /researchers/getExperimentByAuthor 304
2024-04-21T20:36:33.316Z ::1 GET /researchers/getExperimentByAuthor 304
2024-04-21T20:37:25.198Z ::1 GET /researchers/getExperimentByAuthor 304
2024-04-21T20:38:18.898Z ::1 GET /researchers/getExperimentByAuthor 304
2024-04-21T20:38:23.040Z ::1 GET /researchers/getExperimentByAuthor 304
2024-04-21T20:38:38.860Z ::1 GET /researchers/getExperimentByAuthor 304
2024-04-21T20:38:41.593Z ::1 GET /researchers/getExperimentByAuthor 304
2024-04-21T20:38:45.085Z ::1 GET /researchers/getExperimentByAuthor 304
2024-04-21T20:38:48.484Z ::1 GET /researchers/getExperimentByAuthor 304
2024-04-21T20:46:21.205Z ::1 GET /researchers/getExperimentByAuthor 304
2024-04-21T20:49:19.591Z ::1 OPTIONS /researchers/login 200
2024-04-21T20:49:19.660Z ::1 POST /researchers/login 200
2024-04-21T20:49:20.117Z ::1 GET /researchers/getExperimentByAuthor 304
2024-04-21T20:50:25.707Z ::1 OPTIONS /researchers/login 200
2024-04-21T20:50:25.764Z ::1 POST /researchers/login 200
2024-04-21T20:50:26.093Z ::1 GET /researchers/getExperimentByAuthor 304
2024-04-21T20:50:45.412Z ::1 GET /researchers/getExperimentByAuthor 304
2024-04-21T20:50:53.336Z ::1 GET /researchers/getExperimentByAuthor 304
2024-05-01T19:29:48.334Z ::1 OPTIONS /researchers/login 200
2024-05-01T19:29:48.502Z ::1 POST /researchers/login 200
2024-05-01T19:29:50.268Z ::1 GET /researchers/getExperimentByAuthor 200
2024-05-01T19:30:07.744Z ::1 GET /researchers/getExperimentById?id=6624c0a165693e5eee0d8b04 200
2024-05-01T19:30:23.744Z ::1 OPTIONS /researchers/changeExperimentStatus 200
2024-05-01T19:30:23.763Z ::1 PUT /researchers/changeExperimentStatus -
2024-05-01T19:30:24.122Z ::1 GET /researchers/getExperimentById?id=6624c0a165693e5eee0d8b04 200
2024-05-01T19:30:26.919Z ::1 PUT /researchers/changeExperimentStatus -
2024-05-01T19:30:27.184Z ::1 GET /researchers/getExperimentById?id=6624c0a165693e5eee0d8b04 200
2024-05-01T19:33:40.657Z ::1 OPTIONS /researchers/login 200
2024-05-01T19:33:40.728Z ::1 POST /researchers/login 200
2024-05-01T19:33:42.046Z ::1 GET /researchers/getExperimentByAuthor 304
2024-05-01T20:27:05.844Z ::1 OPTIONS /researchers/login 200
2024-05-01T20:27:05.872Z ::1 POST /researchers/login 401
2024-05-01T20:27:06.240Z ::1 GET /researchers/getExperimentByAuthor 401
2024-05-01T20:27:55.932Z ::1 OPTIONS /researchers/login 200
2024-05-01T20:27:55.952Z ::1 POST /researchers/login 401
2024-05-01T20:27:56.312Z ::1 GET /researchers/getExperimentByAuthor 401
2024-05-01T20:29:13.378Z ::1 OPTIONS /researchers/login 200
2024-05-01T20:29:13.405Z ::1 POST /researchers/login 401
2024-05-01T20:29:13.692Z ::1 GET /researchers/getExperimentByAuthor 401
2024-05-02T17:32:23.948Z ::1 OPTIONS /researchers/login 200
2024-05-02T17:32:24.156Z ::1 POST /researchers/login 200
2024-05-02T17:32:26.052Z ::1 GET /researchers/getExperimentByAuthor 304
2024-05-02T17:33:27.911Z ::1 GET /researchers/getExperimentByAuthor 304
2024-05-02T17:33:48.653Z ::1 GET /researchers/getExperimentByAuthor 304
2024-05-02T17:46:02.914Z ::1 GET /researchers/getExperimentByAuthor 304
2024-05-02T17:46:10.672Z ::1 GET /researchers/getExperimentByAuthor 304
2024-05-02T17:55:33.739Z ::1 OPTIONS /researchers/login 200
2024-05-02T17:55:33.800Z ::1 POST /researchers/login 200
2024-05-02T17:55:34.047Z ::1 GET /researchers/getExperimentByAuthor 304
2024-05-02T17:56:41.131Z ::1 OPTIONS /researchers/login 200
2024-05-02T17:56:41.189Z ::1 POST /researchers/login 200
2024-05-02T17:56:41.409Z ::1 GET /researchers/getExperimentByAuthor 304
2024-05-02T17:57:33.593Z ::1 OPTIONS /researchers/login 200
2024-05-02T17:57:33.652Z ::1 POST /researchers/login 200
2024-05-02T17:57:33.877Z ::1 GET /researchers/getExperimentByAuthor 304
2024-05-02T18:00:32.334Z ::1 OPTIONS /researchers/login 200
2024-05-02T18:00:32.394Z ::1 POST /researchers/login 200
2024-05-02T18:00:33.198Z ::1 GET /researchers/getExperimentByAuthor 304
2024-05-02T18:21:17.447Z ::1 OPTIONS /researchers/login 200
2024-05-02T18:21:17.506Z ::1 POST /researchers/login 200
2024-05-02T18:21:18.205Z ::1 GET /researchers/getExperimentByAuthor 304
2024-05-02T18:22:50.407Z ::1 OPTIONS /researchers/login 200
2024-05-02T18:22:50.476Z ::1 POST /researchers/login 200
2024-05-02T18:22:51.049Z ::1 GET /researchers/getExperimentByAuthor 304
2024-05-02T18:25:44.082Z ::1 GET /researchers/getExperimentByAuthor 304
2024-05-02T18:26:00.317Z ::1 GET /researchers/getExperimentByAuthor 304
2024-05-02T18:27:13.622Z ::1 GET /researchers/getExperimentByAuthor 304
2024-05-02T18:27:56.735Z ::1 GET /researchers/getExperimentByAuthor 304
2024-05-02T18:28:00.239Z ::1 GET /researchers/getExperimentByAuthor 304
2024-05-02T18:28:22.389Z ::1 GET /researchers/getExperimentByAuthor 304
2024-05-02T18:29:17.594Z ::1 GET /researchers/getExperimentByAuthor 304
2024-05-02T18:29:39.105Z ::1 GET /researchers/getExperimentByAuthor 304
2024-05-02T18:29:45.329Z ::1 GET /researchers/getExperimentByAuthor 304
2024-05-02T18:32:27.928Z ::1 GET /researchers/getExperimentByAuthor 304
2024-05-02T18:32:32.487Z ::1 GET /researchers/getExperimentByAuthor 304
2024-05-02T19:45:08.577Z ::1 OPTIONS /researchers/addExperiment 200
2024-05-02T19:45:08.592Z ::1 POST /researchers/addExperiment 401
2024-05-02T19:45:44.864Z ::1 OPTIONS /researchers/login 200
2024-05-02T19:45:44.936Z ::1 POST /researchers/login 200
2024-05-02T19:45:45.370Z ::1 GET /researchers/getExperimentByAuthor 304
2024-05-02T19:45:58.094Z ::1 OPTIONS /researchers/addExperiment 200
2024-05-02T19:45:58.096Z ::1 POST /researchers/addExperiment 401
2024-05-02T19:46:44.081Z ::1 OPTIONS /researchers/addExperiment 200
2024-05-02T19:46:44.090Z ::1 POST /researchers/addExperiment 401
2024-05-02T19:46:58.958Z ::1 OPTIONS /researchers/addExperiment 200
2024-05-02T19:46:58.960Z ::1 POST /researchers/addExperiment 401
2024-05-02T19:47:30.772Z ::1 OPTIONS /researchers/addExperiment 200
2024-05-02T19:47:55.477Z ::1 OPTIONS /researchers/addExperiment 200
2024-05-02T19:47:55.487Z ::1 POST /researchers/addExperiment 413
2024-05-02T19:47:59.716Z ::1 POST /researchers/addExperiment 413
2024-05-02T19:49:08.609Z ::1 OPTIONS /researchers/addExperiment 200
2024-05-02T19:49:08.611Z ::1 POST /researchers/addExperiment 413
2024-05-02T19:50:58.502Z ::1 OPTIONS /researchers/addExperiment 200
2024-05-02T19:50:58.505Z ::1 POST /researchers/addExperiment 413
2024-05-02T19:51:02.781Z ::1 POST /researchers/addExperiment 413
2024-05-02T19:51:17.565Z ::1 OPTIONS /researchers/addExperiment 200
2024-05-02T19:51:17.567Z ::1 POST /researchers/addExperiment 413
2024-05-02T19:52:54.099Z ::1 OPTIONS /researchers/addExperiment 200
2024-05-02T19:53:05.791Z ::1 OPTIONS /researchers/addExperiment 200
2024-05-02T19:54:11.137Z ::1 OPTIONS /researchers/addExperiment 200
2024-05-02T19:54:45.238Z ::1 OPTIONS /researchers/addExperiment 200
2024-05-02T19:54:45.259Z ::1 POST /researchers/addExperiment 401
2024-05-02T19:54:55.958Z ::1 OPTIONS /researchers/addExperiment 200
2024-05-02T19:54:55.962Z ::1 POST /researchers/addExperiment 401
2024-05-02T19:55:06.073Z ::1 OPTIONS /researchers/addExperiment 200
2024-05-02T19:55:06.076Z ::1 POST /researchers/addExperiment 401
2024-05-02T19:55:28.978Z ::1 OPTIONS /researchers/addExperiment 200
2024-05-02T19:55:29.098Z ::1 POST /researchers/addExperiment 401
2024-05-02T19:55:41.329Z ::1 OPTIONS /researchers/addExperiment 200
2024-05-02T19:55:41.477Z ::1 POST /researchers/addExperiment 401
2024-05-02T19:56:23.361Z ::1 OPTIONS /researchers/addExperiment 200
2024-05-02T19:56:23.382Z ::1 POST /researchers/addExperiment 401
2024-05-02T19:56:50.552Z ::1 OPTIONS /researchers/addExperiment 200
2024-05-02T19:56:50.573Z ::1 POST /researchers/addExperiment 401
2024-05-02T19:57:05.811Z ::1 OPTIONS /researchers/addExperiment 200
2024-05-02T19:57:05.815Z ::1 POST /researchers/addExperiment 401
2024-05-02T19:57:42.863Z ::1 OPTIONS /researchers/addExperiment 200
2024-05-02T19:57:42.867Z ::1 POST /researchers/addExperiment 401
2024-05-02T19:57:57.567Z ::1 OPTIONS /researchers/addExperiment 200
2024-05-02T19:57:57.571Z ::1 POST /researchers/addExperiment 401
2024-05-02T19:58:40.621Z ::1 OPTIONS /researchers/addExperiment 200
2024-05-02T19:58:40.625Z ::1 POST /researchers/addExperiment 401
2024-05-02T19:59:09.693Z ::1 OPTIONS /researchers/addExperiment 200
2024-05-02T19:59:09.696Z ::1 POST /researchers/addExperiment 401
2024-05-02T20:00:10.957Z ::1 OPTIONS /researchers/addExperiment 200
2024-05-02T20:00:10.961Z ::1 POST /researchers/addExperiment 401
2024-05-02T20:00:26.036Z ::1 OPTIONS /researchers/addExperiment 200
2024-05-02T20:00:26.039Z ::1 POST /researchers/addExperiment 401
2024-05-02T20:00:48.528Z ::1 OPTIONS /researchers/addExperiment 200
2024-05-02T20:00:48.532Z ::1 POST /researchers/addExperiment 401
2024-05-02T20:37:50.294Z ::1 OPTIONS /researchers/addExperiment 200
2024-05-02T20:37:50.446Z ::1 POST /researchers/addExperiment 400
2024-05-02T21:08:58.577Z ::1 OPTIONS /researchers/addExperiment 200
2024-05-02T21:08:58.581Z ::1 POST /researchers/addExperiment 400
2024-05-02T21:09:32.638Z ::1 GET /researchers/getExperimentByAuthor 304
2024-05-02T21:11:49.622Z ::1 OPTIONS /researchers/addExperiment 200
2024-05-02T21:11:49.627Z ::1 POST /researchers/addExperiment 400
2024-05-02T21:12:08.531Z ::1 GET /researchers/getExperimentByAuthor 304
2024-05-02T21:12:16.882Z ::1 OPTIONS /researchers/addExperiment 200
2024-05-02T21:12:16.886Z ::1 POST /researchers/addExperiment 400
2024-05-02T21:12:16.961Z ::1 GET /researchers/getExperimentByAuthor 304
2024-05-02T21:12:33.589Z ::1 OPTIONS /researchers/addExperiment 200
2024-05-02T21:12:33.594Z ::1 POST /researchers/addExperiment 400
2024-05-02T21:27:08.315Z ::1 OPTIONS /researchers/addExperiment 200
2024-05-02T21:27:08.339Z ::1 POST /researchers/addExperiment 400
2024-05-02T21:42:48.653Z ::1 OPTIONS /researchers/addExperiment 200
2024-05-02T21:42:48.674Z ::1 POST /researchers/addExperiment 400
2024-05-02T21:43:03.102Z ::1 OPTIONS /researchers/addExperiment 200
2024-05-02T21:43:03.106Z ::1 POST /researchers/addExperiment 400
2024-05-02T21:43:16.564Z ::1 OPTIONS /researchers/addExperiment 200
2024-05-02T21:43:16.584Z ::1 POST /researchers/addExperiment 400
2024-05-02T21:43:28.858Z ::ffff:127.0.0.1 OPTIONS /researchers/addExperiment 200
2024-05-02T21:43:28.910Z ::1 POST /researchers/addExperiment 201
2024-05-03T10:21:22.269Z ::1 OPTIONS /researchers/login 200
2024-05-03T10:21:22.437Z ::1 POST /researchers/login 200
2024-05-03T10:21:24.316Z ::1 GET /researchers/getExperimentByAuthor 200
2024-05-03T10:22:14.010Z ::1 GET /researchers/getExperimentById?id=6624c0a165693e5eee0d8b04 304
2024-05-03T10:22:29.390Z ::1 GET /researchers/getExperimentByAuthor 304
2024-05-03T10:42:02.322Z ::1 OPTIONS /researchers/login 200
2024-05-03T10:42:02.383Z ::1 POST /researchers/login 200
2024-05-03T10:42:03.008Z ::1 GET /researchers/getExperimentByAuthor 304
2024-05-03T10:43:07.636Z ::1 OPTIONS /researchers/addExperiment 200
2024-05-03T10:43:07.664Z ::1 POST /researchers/addExperiment 400
2024-05-03T10:43:50.122Z ::1 OPTIONS /researchers/addExperiment 200
2024-05-03T10:43:50.214Z ::1 POST /researchers/addExperiment 400
2024-05-03T10:44:23.955Z ::1 OPTIONS /researchers/addExperiment 200
2024-05-03T10:44:23.959Z ::1 POST /researchers/addExperiment 400
2024-05-03T10:44:36.675Z ::1 OPTIONS /researchers/addExperiment 200
2024-05-03T10:44:36.678Z ::1 POST /researchers/addExperiment 400
2024-05-03T10:44:43.378Z ::1 OPTIONS /researchers/addExperiment 200
2024-05-03T10:44:43.382Z ::1 POST /researchers/addExperiment 400
2024-05-03T10:45:28.870Z ::1 OPTIONS /researchers/addExperiment 200
2024-05-03T10:45:28.874Z ::1 POST /researchers/addExperiment 400
2024-05-03T10:45:47.591Z ::1 OPTIONS /researchers/addExperiment 200
2024-05-03T10:45:47.595Z ::1 POST /researchers/addExperiment 400
2024-05-03T10:45:57.309Z ::1 OPTIONS /researchers/addExperiment 200
2024-05-03T10:45:57.351Z ::1 POST /researchers/addExperiment 201
2024-05-03T10:46:29.012Z ::1 GET /researchers/getExperimentByAuthor 200
2024-05-03T10:47:31.127Z ::1 OPTIONS /researchers/addExperiment 200
2024-05-03T10:47:31.141Z ::1 POST /researchers/addExperiment 201
2024-05-03T10:47:51.747Z ::1 OPTIONS /researchers/addExperiment 200
2024-05-03T10:47:51.760Z ::1 POST /researchers/addExperiment 201
2024-05-03T10:47:51.886Z ::1 GET /researchers/getExperimentByAuthor 200
2024-05-03T10:49:47.303Z ::1 OPTIONS /researchers/addExperiment 200
2024-05-03T10:49:47.334Z ::1 POST /researchers/addExperiment 201
2024-05-03T10:50:11.326Z ::1 OPTIONS /researchers/addExperiment 200
2024-05-03T10:50:11.347Z ::1 POST /researchers/addExperiment 201
2024-05-03T10:51:07.914Z ::1 OPTIONS /researchers/addExperiment 200
2024-05-03T10:51:07.930Z ::1 POST /researchers/addExperiment 201
2024-05-03T10:51:10.087Z ::1 GET /researchers/getExperimentByAuthor 200
2024-05-03T10:51:38.758Z ::1 OPTIONS /researchers/addExperiment 200
2024-05-03T10:51:38.770Z ::1 POST /researchers/addExperiment 201
2024-05-03T10:51:42.505Z ::1 POST /researchers/addExperiment 201
2024-05-03T10:51:44.585Z ::1 GET /researchers/getExperimentByAuthor 200
2024-05-03T18:34:22.167Z ::1 OPTIONS /researchers/login 200
2024-05-03T18:34:22.340Z ::1 POST /researchers/login 200
2024-05-03T18:34:24.060Z ::1 GET /researchers/getExperimentByAuthor 304
2024-05-03T18:34:31.710Z ::1 GET /researchers/getExperimentById?id=6624c0a165693e5eee0d8b04 304
2024-05-03T18:34:41.562Z ::1 GET /researchers/getExperimentById?id=6624c0a165693e5eee0d8b04 304
2024-05-03T18:34:51.069Z ::1 OPTIONS /researchers/login 200
2024-05-03T18:34:51.128Z ::1 POST /researchers/login 200
2024-05-03T18:34:51.218Z ::1 GET /researchers/getExperimentByAuthor 304
2024-05-03T18:34:52.946Z ::1 GET /researchers/getExperimentById?id=6624c0a165693e5eee0d8b04 304
2024-05-03T18:35:34.109Z ::1 GET /researchers/getExperimentById?id=6624c0a165693e5eee0d8b04 304
2024-05-03T18:35:36.434Z ::1 GET /researchers/getExperimentByAuthor 304
2024-05-03T18:35:39.707Z ::1 GET /researchers/getExperimentById?id=6624c0a165693e5eee0d8b04 304
2024-05-03T18:36:41.816Z ::1 GET /researchers/getExperimentById?id=6624c0a165693e5eee0d8b04 304
2024-05-03T18:46:21.478Z ::1 OPTIONS /researchers/login 200
2024-05-03T18:46:21.558Z ::1 POST /researchers/login 200
2024-05-03T18:47:08.305Z ::1 GET /researchers/getExperimentByAuthor 304
