::ffff:127.0.0.1 - - [10/Apr/2024:17:18:16 +0000] "POST /researchers/login HTTP/1.1" 201 255
::1 - - [10/Apr/2024:17:18:42 +0000] "OPTIONS /researchers/login HTTP/1.1" 200 2
::1 - - [10/Apr/2024:17:18:46 +0000] "OPTIONS /researchers/login HTTP/1.1" 200 2
::1 - - [10/Apr/2024:17:23:31 +0000] "OPTIONS /researchers/login HTTP/1.1" 200 2
::1 - - [10/Apr/2024:17:24:22 +0000] "GET /researchers/getExperimentByAuthor/zmatevushev0%40yahoo.com HTTP/1.1" 404 29
::1 - - [10/Apr/2024:17:24:23 +0000] "GET /researchers/getExperimentByAuthor/zmatevushev0%40yahoo.com HTTP/1.1" 404 29
::1 - - [10/Apr/2024:17:24:49 +0000] "OPTIONS /researchers/getExperimentByAuthor/zmatevushev0%40yahoo.com HTTP/1.1" 200 2
::1 - - [10/Apr/2024:17:26:58 +0000] "OPTIONS /researchers/getExperimentByAuthor/65db482a000f605987980eb9 HTTP/1.1" 200 2
::ffff:127.0.0.1 - - [10/Apr/2024:17:28:07 +0000] "POST /researchers/getExperimentByAuthor/65db482a000f605987980eb9 HTTP/1.1" 404 29
::ffff:127.0.0.1 - - [10/Apr/2024:17:28:12 +0000] "GET /researchers/getExperimentByAuthor/65db482a000f605987980eb9 HTTP/1.1" 404 29
::ffff:127.0.0.1 - - [10/Apr/2024:17:33:43 +0000] "POST /researchers/login HTTP/1.1" 201 253
::ffff:127.0.0.1 - - [10/Apr/2024:17:34:16 +0000] "GET /researchers/getExperimentByAuthor/65db482a000f605987980ebc HTTP/1.1" 404 29
::ffff:127.0.0.1 - - [10/Apr/2024:17:34:32 +0000] "GET /researchers/getExperimentByAuthor/65db482a000f605987980ebc HTTP/1.1" 404 29
::ffff:127.0.0.1 - - [10/Apr/2024:17:35:45 +0000] "GET /researchers/getExperimentByAuthor HTTP/1.1" 404 29
::ffff:127.0.0.1 - - [10/Apr/2024:17:35:46 +0000] "GET /researchers/getExperimentByAuthor HTTP/1.1" 404 29
::ffff:127.0.0.1 - - [10/Apr/2024:17:35:47 +0000] "GET /researchers/getExperimentByAuthor HTTP/1.1" 404 29
::ffff:127.0.0.1 - - [10/Apr/2024:17:35:47 +0000] "GET /researchers/getExperimentByAuthor HTTP/1.1" 404 29
::ffff:127.0.0.1 - - [10/Apr/2024:17:35:47 +0000] "GET /researchers/getExperimentByAuthor HTTP/1.1" 404 29
::ffff:127.0.0.1 - - [10/Apr/2024:17:36:09 +0000] "GET /researchers/getExperimentByAuthor HTTP/1.1" 404 29
::ffff:127.0.0.1 - - [10/Apr/2024:17:36:11 +0000] "GET /researchers/getExperimentByAuthor HTTP/1.1" 404 29
::ffff:127.0.0.1 - - [10/Apr/2024:17:36:17 +0000] "POST /researchers/login HTTP/1.1" 201 253
::ffff:127.0.0.1 - - [10/Apr/2024:17:36:52 +0000] "GET /researchers/getExperimentByAuthor HTTP/1.1" 200 632
::ffff:127.0.0.1 - - [10/Apr/2024:17:47:43 +0000] "GET /researchers/getExperimentByAuthor HTTP/1.1" 200 632
::ffff:127.0.0.1 - - [10/Apr/2024:17:48:29 +0000] "GET /researchers/getExperimentByAuthor HTTP/1.1" 200 632
::ffff:127.0.0.1 - - [10/Apr/2024:18:22:41 +0000] "GET /researchers/getExperimentByAuthor HTTP/1.1" 200 632
::ffff:127.0.0.1 - - [10/Apr/2024:18:24:14 +0000] "GET /researchers/getExperimentByAuthor HTTP/1.1" 200 632
::ffff:127.0.0.1 - - [10/Apr/2024:18:24:21 +0000] "POST / HTTP/1.1" 404 29
::ffff:127.0.0.1 - - [10/Apr/2024:18:24:30 +0000] "POST /researchers/login HTTP/1.1" 201 255
::ffff:127.0.0.1 - - [10/Apr/2024:18:24:36 +0000] "POST /researchers/login HTTP/1.1" 201 253
::ffff:127.0.0.1 - - [10/Apr/2024:18:24:40 +0000] "POST /researchers/login HTTP/1.1" 403 34
::ffff:127.0.0.1 - - [10/Apr/2024:18:33:54 +0000] "POST /researchers/login HTTP/1.1" 201 255
::ffff:127.0.0.1 - - [10/Apr/2024:18:37:47 +0000] "POST /researchers/login HTTP/1.1" 201 255
::ffff:127.0.0.1 - - [10/Apr/2024:18:37:52 +0000] "POST /researchers/login HTTP/1.1" 401 33
::ffff:127.0.0.1 - - [10/Apr/2024:18:41:23 +0000] "POST /researchers/login HTTP/1.1" 401 33
::ffff:127.0.0.1 - - [10/Apr/2024:18:42:10 +0000] "POST /researchers/login HTTP/1.1" 401 33
::ffff:127.0.0.1 - - [10/Apr/2024:18:42:33 +0000] "POST /researchers/login HTTP/1.1" 401 33
::ffff:127.0.0.1 - - [10/Apr/2024:18:43:28 +0000] "POST /researchers/login HTTP/1.1" 401 33
::ffff:127.0.0.1 - - [10/Apr/2024:18:45:00 +0000] "POST /researchers/login HTTP/1.1" 403 34
::ffff:127.0.0.1 - - [10/Apr/2024:18:45:43 +0000] "POST /researchers/login HTTP/1.1" 403 34
::ffff:127.0.0.1 - - [10/Apr/2024:18:48:23 +0000] POST /researchers/login 403 34 - 91.610 ms'
::ffff:127.0.0.1 - - [2024-04-10T18:49:03.025Z] POST /researchers/login 403 34
::ffff:127.0.0.1 - [2024-04-10T18:49:35.817Z] POST /researchers/login 403 34
2024-04-10T18:50:28.273Z ::ffff:127.0.0.1 POST /researchers/login 403
2024-04-11T15:43:47.747Z ::1 OPTIONS /researchers/login 200
2024-04-11T15:44:30.807Z ::1 OPTIONS /researchers/login 200
2024-04-11T15:45:59.575Z ::1 OPTIONS /researchers/login 200
2024-04-11T15:46:07.241Z ::1 OPTIONS /researchers/login 200
2024-04-11T15:47:28.040Z ::1 OPTIONS /researchers/login 200
2024-04-11T15:48:12.661Z ::1 OPTIONS /researchers/login 200
2024-04-11T15:48:15.598Z ::1 OPTIONS /researchers/login 200
2024-04-11T15:48:38.241Z ::1 OPTIONS /researchers/login 200
2024-04-11T15:49:00.821Z ::1 OPTIONS /researchers/login 200
2024-04-11T15:49:11.942Z ::1 OPTIONS /researchers/login 200
2024-04-11T15:49:15.897Z ::1 OPTIONS /researchers/login 200
2024-04-11T15:49:18.894Z ::1 OPTIONS /researchers/login 200
2024-04-11T15:51:49.932Z ::1 OPTIONS /researchers/login 204
2024-04-11T15:51:50.088Z ::1 POST /researchers/login 403
2024-04-11T15:51:57.980Z ::1 OPTIONS /researchers/login 204
2024-04-11T15:51:57.998Z ::1 POST /researchers/login 403
2024-04-11T15:52:46.475Z ::1 OPTIONS /researchers/login 204
2024-04-11T15:52:46.493Z ::1 POST /researchers/login 403
2024-04-11T15:53:38.955Z ::1 OPTIONS /researchers/login 204
2024-04-11T15:53:38.973Z ::1 POST /researchers/login 403
2024-04-11T15:54:42.108Z ::1 OPTIONS /researchers/login 204
2024-04-11T15:54:42.126Z ::1 POST /researchers/login 403
2024-04-11T15:54:58.657Z ::1 OPTIONS /researchers/login 204
2024-04-11T15:54:58.677Z ::1 POST /researchers/login 403
2024-04-11T15:55:29.346Z ::1 OPTIONS /researchers/login 204
2024-04-11T15:55:29.365Z ::1 POST /researchers/login 403
2024-04-11T15:55:30.563Z ::1 POST /researchers/login 403
2024-04-11T15:56:04.087Z ::1 OPTIONS /researchers/login 204
2024-04-11T15:56:04.104Z ::1 POST /researchers/login 403
2024-04-11T15:56:44.890Z ::1 OPTIONS /researchers/login 204
2024-04-11T15:56:44.909Z ::1 POST /researchers/login 403
2024-04-11T15:57:17.982Z ::1 OPTIONS /researchers/login 204
2024-04-11T15:57:18.000Z ::1 POST /researchers/login 403
2024-04-11T15:57:19.029Z ::1 POST /researchers/login 403
2024-04-11T15:57:19.546Z ::1 POST /researchers/login 403
2024-04-11T15:57:19.955Z ::1 POST /researchers/login 403
2024-04-11T15:57:20.283Z ::1 POST /researchers/login 403
2024-04-11T15:57:20.689Z ::1 POST /researchers/login 403
2024-04-11T15:57:21.089Z ::1 POST /researchers/login 403
2024-04-11T15:57:36.307Z ::1 OPTIONS /researchers/login 204
2024-04-11T15:57:36.325Z ::1 POST /researchers/login 403
2024-04-11T15:59:34.683Z ::1 OPTIONS /researchers/login 204
2024-04-11T15:59:34.700Z ::1 POST /researchers/login 403
2024-04-11T16:04:42.786Z ::1 OPTIONS /researchers/login 204
2024-04-11T16:04:42.869Z ::1 POST /researchers/login 201
2024-04-11T16:05:00.972Z ::1 OPTIONS /researchers/login 204
2024-04-11T16:05:01.039Z ::1 POST /researchers/login 201
2024-04-11T16:05:41.426Z ::1 OPTIONS /researchers/login 200
2024-04-11T16:06:06.998Z ::ffff:127.0.0.1 OPTIONS /researchers/login 200
2024-04-11T16:06:13.353Z ::ffff:127.0.0.1 OPTIONS /researchers/login 200
2024-04-11T16:06:44.527Z ::1 OPTIONS /researchers/login 200
2024-04-11T16:06:44.547Z ::1 POST /researchers/login 403
2024-04-11T16:06:58.455Z ::1 OPTIONS /researchers/login 200
2024-04-11T16:07:12.981Z ::1 OPTIONS /researchers/login 200
2024-04-11T16:07:25.302Z ::1 OPTIONS /researchers/login 200
2024-04-11T16:07:25.398Z ::1 POST /researchers/login 201
2024-04-11T16:08:00.761Z ::1 OPTIONS /researchers/login 200
2024-04-11T16:08:00.854Z ::1 POST /researchers/login 201
2024-04-11T16:08:08.472Z ::ffff:127.0.0.1 OPTIONS /researchers/login 200
2024-04-11T16:08:08.497Z ::ffff:127.0.0.1 POST /researchers/login 403
2024-04-11T16:10:50.123Z ::1 OPTIONS /researchers/login 204
2024-04-11T16:10:50.220Z ::1 POST /researchers/login 201
2024-04-11T16:11:05.342Z ::1 OPTIONS /researchers/login 204
2024-04-11T16:11:05.443Z ::1 POST /researchers/login 201
2024-04-11T16:11:21.111Z ::1 OPTIONS /researchers/login 204
2024-04-11T16:11:21.182Z ::1 POST /researchers/login 201
2024-04-11T16:11:40.421Z ::1 OPTIONS /researchers/login 200
2024-04-11T16:11:40.446Z ::1 POST /researchers/login 403
2024-04-11T16:11:50.850Z ::1 OPTIONS /researchers/login 200
2024-04-11T16:11:50.929Z ::ffff:127.0.0.1 POST /researchers/login 201
2024-04-11T16:11:52.003Z ::ffff:127.0.0.1 POST /researchers/login 201
2024-04-11T16:11:52.871Z ::ffff:127.0.0.1 POST /researchers/login 201
2024-04-11T16:15:58.921Z ::1 OPTIONS /researchers/login 200
2024-04-11T16:15:59.017Z ::1 POST /researchers/login 201
2024-04-11T16:16:15.888Z ::1 OPTIONS /researchers/login 200
2024-04-11T16:16:15.968Z ::1 POST /researchers/login 201
2024-04-11T16:16:37.002Z ::1 OPTIONS /researchers/login 200
2024-04-11T16:16:37.023Z ::1 POST /researchers/login 403
2024-04-11T16:16:39.640Z ::1 POST /researchers/login 200
2024-04-11T16:17:38.899Z ::1 OPTIONS /researchers/login 200
2024-04-11T16:17:38.966Z ::1 POST /researchers/login 200
2024-04-11T16:18:09.352Z ::1 OPTIONS /researchers/login 200
2024-04-11T16:18:09.418Z ::1 POST /researchers/login 200
2024-04-11T16:18:11.378Z ::1 POST /researchers/login 200
2024-04-11T16:18:12.163Z ::1 POST /researchers/login 200
2024-04-11T16:18:12.830Z ::1 POST /researchers/login 200
2024-04-11T16:18:13.410Z ::1 POST /researchers/login 200
2024-04-11T16:18:13.809Z ::1 POST /researchers/login 200
2024-04-11T16:18:14.003Z ::1 POST /researchers/login 200
2024-04-11T16:18:14.157Z ::1 POST /researchers/login 200
2024-04-11T16:18:14.379Z ::1 OPTIONS /researchers/login 200
2024-04-11T16:18:14.457Z ::1 POST /researchers/login 200
2024-04-11T16:18:14.573Z ::1 POST /researchers/login 200
2024-04-11T16:18:14.707Z ::1 POST /researchers/login 200
2024-04-11T16:18:14.984Z ::1 POST /researchers/login 200
2024-04-11T16:18:15.120Z ::1 POST /researchers/login 200
2024-04-11T16:18:15.266Z ::1 POST /researchers/login 200
2024-04-11T16:18:15.413Z ::1 POST /researchers/login 200
2024-04-11T16:18:15.559Z ::1 POST /researchers/login 200
2024-04-11T16:18:38.186Z ::1 OPTIONS /researchers/login 200
2024-04-11T16:18:38.253Z ::1 POST /researchers/login 200
2024-04-11T16:18:40.764Z ::1 POST /researchers/login 200
2024-04-11T16:18:40.930Z ::1 POST /researchers/login 200
2024-04-11T16:18:41.060Z ::1 POST /researchers/login 200
2024-04-11T16:18:41.192Z ::1 POST /researchers/login 200
2024-04-11T16:18:41.308Z ::1 POST /researchers/login 200
2024-04-11T16:18:41.437Z ::1 POST /researchers/login 200
2024-04-11T16:18:41.567Z ::1 POST /researchers/login 200
2024-04-11T16:18:42.195Z ::1 POST /researchers/login 200
2024-04-11T16:18:42.310Z ::1 POST /researchers/login 200
2024-04-11T16:18:42.540Z ::1 POST /researchers/login 200
2024-04-11T16:18:42.669Z ::1 POST /researchers/login 200
2024-04-11T16:18:42.899Z ::1 POST /researchers/login 200
2024-04-11T16:18:43.114Z ::1 POST /researchers/login 200
2024-04-11T16:18:43.210Z ::1 POST /researchers/login 200
2024-04-11T16:18:48.781Z ::1 OPTIONS /researchers/login 200
2024-04-11T16:18:48.853Z ::1 POST /researchers/login 200
2024-04-11T16:18:49.050Z ::1 POST /researchers/login 200
2024-04-11T16:18:49.184Z ::1 POST /researchers/login 200
2024-04-11T16:20:32.024Z ::1 OPTIONS /researchers/login 200
2024-04-11T16:20:32.101Z ::1 POST /researchers/login 200
2024-04-11T16:24:16.867Z ::1 OPTIONS /researchers/login 200
2024-04-11T16:24:16.933Z ::1 POST /researchers/login 200
2024-04-11T16:35:08.318Z ::1 GET /researchers/getExperimentByAuthor 401
2024-04-11T16:35:53.932Z ::ffff:127.0.0.1 GET /researchers/getExperimentByAuthor 401
2024-04-11T16:36:05.851Z ::1 GET /researchers/getExperimentByAuthor 401
2024-04-11T16:36:26.718Z ::1 GET /researchers/getExperimentByAuthor 401
2024-04-11T16:36:50.261Z ::1 GET /researchers/getExperimentByAuthor 401
2024-04-11T16:36:53.516Z ::1 OPTIONS /researchers/login 200
2024-04-11T16:36:53.675Z ::1 POST /researchers/login 200
2024-04-11T16:36:53.696Z ::1 GET /researchers/getExperimentByAuthor 401
2024-04-11T16:37:13.823Z ::1 GET /researchers/getExperimentByAuthor 401
2024-04-11T16:37:43.733Z ::1 GET /researchers/getExperimentByAuthor 401
2024-04-11T16:38:03.664Z ::1 GET /researchers/getExperimentByAuthor 401
2024-04-11T16:38:31.619Z ::1 GET /researchers/getExperimentByAuthor 401
2024-04-11T16:38:35.009Z ::1 GET /researchers/getExperimentByAuthor 401
2024-04-11T16:38:45.045Z ::1 GET /researchers/getExperimentByAuthor 401
2024-04-11T16:38:55.063Z ::1 GET /researchers/getExperimentByAuthor 401
2024-04-11T16:39:06.132Z ::1 GET /researchers/getExperimentByAuthor 401
2024-04-11T16:39:15.069Z ::1 GET /researchers/getExperimentByAuthor 401
2024-04-11T16:39:16.140Z ::1 GET /researchers/getExperimentByAuthor 401
2024-04-11T16:39:31.156Z ::1 GET /researchers/getExperimentByAuthor 401
2024-04-11T16:40:06.173Z ::1 GET /researchers/getExperimentByAuthor 401
2024-04-11T16:40:27.197Z ::1 GET /researchers/getExperimentByAuthor 401
2024-04-11T16:40:32.217Z ::1 GET /researchers/getExperimentByAuthor 401
2024-04-11T16:40:37.039Z ::1 GET /researchers/getExperimentByAuthor 401
2024-04-11T16:40:42.057Z ::1 GET /researchers/getExperimentByAuthor 401
2024-04-11T16:40:49.829Z ::1 GET /researchers/getExperimentByAuthor 401
2024-04-11T16:40:50.080Z ::1 GET /researchers/getExperimentByAuthor 401
2024-04-11T16:40:52.233Z ::1 GET /researchers/getExperimentByAuthor 401
2024-04-11T16:40:57.079Z ::1 GET /researchers/getExperimentByAuthor 401
2024-04-11T16:40:59.847Z ::1 GET /researchers/getExperimentByAuthor 401
2024-04-11T16:41:07.936Z ::1 OPTIONS /researchers/login 200
2024-04-11T16:41:08.039Z ::1 POST /researchers/login 200
2024-04-11T16:41:08.064Z ::1 GET /researchers/getExperimentByAuthor 401
2024-04-11T16:41:18.085Z ::1 GET /researchers/getExperimentByAuthor 401
2024-04-11T16:41:43.110Z ::1 GET /researchers/getExperimentByAuthor 401
2024-04-11T16:42:33.391Z ::1 GET /researchers/getExperimentByAuthor 401
2024-04-11T16:42:51.899Z ::1 GET /researchers/getExperimentByAuthor 500
2024-04-11T16:42:56.915Z ::1 GET /researchers/getExperimentByAuthor 500
2024-04-11T16:43:13.170Z ::1 GET /researchers/getExperimentByAuthor 401
2024-04-11T16:43:13.498Z ::1 GET /researchers/getExperimentByAuthor 401
2024-04-11T16:43:18.514Z ::ffff:127.0.0.1 GET /researchers/getExperimentByAuthor 401
2024-04-11T16:43:35.100Z ::1 GET /researchers/getExperimentByAuthor 401
2024-04-11T16:44:15.401Z ::1 GET /researchers/getExperimentByAuthor 401
2024-04-11T16:50:43.826Z ::1 GET /researchers/getExperimentByAuthor 401
2024-04-11T16:50:48.838Z ::1 GET /researchers/getExperimentByAuthor 401
2024-04-11T16:51:09.387Z ::1 GET /researchers/getExperimentByAuthor 401
2024-04-11T16:51:53.257Z ::1 GET /researchers/getExperimentByAuthor 401
2024-04-11T16:51:58.264Z ::1 GET /researchers/getExperimentByAuthor 401
2024-04-11T16:52:13.274Z ::1 GET /researchers/getExperimentByAuthor 401
2024-04-11T16:52:34.179Z ::1 GET /researchers/getExperimentByAuthor -
2024-04-11T16:52:34.950Z ::1 GET /researchers/getExperimentByAuthor 200
2024-04-11T16:52:44.986Z ::1 GET /researchers/getExperimentByAuthor 200
2024-04-11T16:53:10.017Z ::1 GET /researchers/getExperimentByAuthor 200
2024-04-11T16:54:00.043Z ::1 GET /researchers/getExperimentByAuthor 200
2024-04-11T16:54:12.948Z ::1 GET /researchers/getExperimentByAuthor 200
2024-04-11T16:54:17.969Z ::1 GET /researchers/getExperimentByAuthor 200
2024-04-11T16:54:33.402Z ::1 GET /researchers/getExperimentByAuthor 200
2024-04-11T16:55:15.424Z ::1 GET /researchers/getExperimentByAuthor 200
2024-04-11T16:55:25.458Z ::1 GET /researchers/getExperimentByAuthor 200
2024-04-11T16:55:35.081Z ::1 GET /researchers/getExperimentByAuthor 200
2024-04-11T16:55:45.502Z ::1 GET /researchers/getExperimentByAuthor 200
2024-04-11T16:56:34.039Z ::1 GET /researchers/getExperimentByAuthor 200
2024-04-11T16:56:35.529Z ::1 GET /researchers/getExperimentByAuthor 200
2024-04-11T16:56:44.064Z ::1 GET /researchers/getExperimentByAuthor 200
2024-04-11T16:57:08.719Z ::1 GET /researchers/getExperimentByAuthor 200
2024-04-11T16:57:09.088Z ::1 GET /researchers/getExperimentByAuthor 200
2024-04-11T16:57:12.036Z ::1 GET /researchers/getExperimentByAuthor 200
2024-04-11T16:57:22.067Z ::ffff:127.0.0.1 GET /researchers/getExperimentByAuthor 200
2024-04-11T16:57:37.089Z ::1 GET /researchers/getExperimentByAuthor 200
2024-04-11T16:57:39.888Z ::1 GET /researchers/getExperimentByAuthor 200
2024-04-11T16:57:49.921Z ::1 GET /researchers/getExperimentByAuthor 200
2024-04-11T16:58:14.959Z ::1 GET /researchers/getExperimentByAuthor 200
2024-04-11T16:58:17.144Z ::1 GET /researchers/getExperimentByAuthor 304
2024-04-11T16:58:32.890Z ::1 GET /researchers/getExperimentByAuthor 304
2024-04-11T16:58:42.540Z ::1 GET /researchers/getExperimentByAuthor 304
2024-04-11T16:58:47.568Z ::1 GET /researchers/getExperimentByAuthor 304
2024-04-11T16:59:12.599Z ::1 GET /researchers/getExperimentByAuthor 304
2024-04-11T16:59:25.466Z ::1 GET /researchers/getExperimentByAuthor 304
2024-04-11T17:02:11.742Z ::1 GET /researchers/getExperimentByAuthor 304
2024-04-11T17:02:14.978Z ::1 GET /researchers/getExperimentByAuthor 304
2024-04-11T17:02:18.413Z ::1 GET //researchers/getExperimentById?id=65db4880946e6fd5727cf747 404
2024-04-11T17:02:23.285Z ::1 GET /researchers/getExperimentByAuthor 304
2024-04-11T17:03:27.276Z ::1 GET /researchers/getExperimentByAuthor 304
2024-04-11T17:03:44.736Z ::1 GET /researchers/getExperimentByAuthoro 404
2024-04-11T17:04:55.377Z ::1 GET /researchers/getExperimentByAuthor 304
2024-04-11T17:05:05.300Z ::1 GET /researchers/getExperimentByAuthor- 404
2024-04-11T17:09:41.563Z ::1 GET /researchers/getExperimentByAuthor- 404
2024-04-11T17:10:14.508Z ::1 GET /researchers/getExperimentByAuthor- 404
2024-04-11T17:10:21.897Z ::1 GET /researchers/getExperimentByAuthor- 404
2024-04-11T17:10:43.324Z ::1 GET /researchers/getExperimentByAuthor 304
2024-04-11T17:11:04.142Z ::1 GET /researchers/getExperimentByAuthor 304
2024-04-11T17:11:09.648Z ::1 GET /researchers/getExperimentByAuthor 304
2024-04-11T17:11:56.900Z ::1 GET /researchers/getExperimentByAuthor 304
2024-04-11T17:12:01.354Z ::1 GET /researchers/getExperimentByAuthor 304
2024-04-11T17:12:03.573Z ::1 GET /researchers/getExperimentByAuthor 304
2024-04-11T17:13:20.016Z ::1 GET /researchers/getExperimentByAuthor 200
2024-04-11T17:14:04.366Z ::1 GET /researchers/getExperimentByAuthor 304
2024-04-11T17:19:09.347Z ::1 GET /researchers/getExperimentByAuthor 304
2024-04-11T17:19:12.533Z ::1 GET //researchers/getExperimentById?id=65db4880946e6fd5727cf747 404
2024-04-11T17:20:04.672Z ::1 GET /researchers/getExperimentByAuthor 304
2024-04-11T17:20:07.588Z ::1 GET //researchers/getExperimentById?id=65db4880946e6fd5727cf747 404
